2015-12-17 10:36:00 [-][-][-][error][yii\db\Exception] exception 'PDOException' with message 'SQLSTATE[HY000] [1049] Unknown database 'yii2advanced'' in D:\xampp\htdocs\yii-application\vendor\yiisoft\yii2\db\Connection.php:579
Stack trace:
#0 D:\xampp\htdocs\yii-application\vendor\yiisoft\yii2\db\Connection.php(579): PDO->__construct('mysql:host=loca...', 'root', '', NULL)
#1 D:\xampp\htdocs\yii-application\vendor\yiisoft\yii2\db\Connection.php(529): yii\db\Connection->createPdoInstance()
#2 D:\xampp\htdocs\yii-application\vendor\yiisoft\yii2\db\Connection.php(836): yii\db\Connection->open()
#3 D:\xampp\htdocs\yii-application\vendor\yiisoft\yii2\db\Connection.php(823): yii\db\Connection->getMasterPdo()
#4 D:\xampp\htdocs\yii-application\vendor\yiisoft\yii2\db\Command.php(216): yii\db\Connection->getSlavePdo()
#5 D:\xampp\htdocs\yii-application\vendor\yiisoft\yii2\db\Command.php(831): yii\db\Command->prepare(true)
#6 D:\xampp\htdocs\yii-application\vendor\yiisoft\yii2\db\Command.php(359): yii\db\Command->queryInternal('fetchAll', NULL)
#7 D:\xampp\htdocs\yii-application\vendor\yiisoft\yii2\db\mysql\Schema.php(198): yii\db\Command->queryAll()
#8 D:\xampp\htdocs\yii-application\vendor\yiisoft\yii2\db\mysql\Schema.php(97): yii\db\mysql\Schema->findColumns(Object(yii\db\TableSchema))
#9 D:\xampp\htdocs\yii-application\vendor\yiisoft\yii2\db\Schema.php(146): yii\db\mysql\Schema->loadTableSchema('migration')
#10 D:\xampp\htdocs\yii-application\vendor\yiisoft\yii2\console\controllers\MigrateController.php(121): yii\db\Schema->getTableSchema('{{%migration}}', true)
#11 D:\xampp\htdocs\yii-application\vendor\yiisoft\yii2\console\controllers\BaseMigrateController.php(610): yii\console\controllers\MigrateController->getMigrationHistory(NULL)
#12 D:\xampp\htdocs\yii-application\vendor\yiisoft\yii2\console\controllers\BaseMigrateController.php(102): yii\console\controllers\BaseMigrateController->getNewMigrations()
#13 [internal function]: yii\console\controllers\BaseMigrateController->actionUp(0)
#14 D:\xampp\htdocs\yii-application\vendor\yiisoft\yii2\base\InlineAction.php(55): call_user_func_array(Array, Array)
#15 D:\xampp\htdocs\yii-application\vendor\yiisoft\yii2\base\Controller.php(151): yii\base\InlineAction->runWithParams(Array)
#16 D:\xampp\htdocs\yii-application\vendor\yiisoft\yii2\console\Controller.php(91): yii\base\Controller->runAction('', Array)
#17 D:\xampp\htdocs\yii-application\vendor\yiisoft\yii2\base\Module.php(455): yii\console\Controller->runAction('', Array)
#18 D:\xampp\htdocs\yii-application\vendor\yiisoft\yii2\console\Application.php(167): yii\base\Module->runAction('migrate', Array)
#19 D:\xampp\htdocs\yii-application\vendor\yiisoft\yii2\console\Application.php(143): yii\console\Application->runAction('migrate', Array)
#20 D:\xampp\htdocs\yii-application\vendor\yiisoft\yii2\base\Application.php(375): yii\console\Application->handleRequest(Object(yii\console\Request))
#21 D:\xampp\htdocs\yii-application\yii(27): yii\base\Application->run()
#22 {main}

Next exception 'yii\db\Exception' with message 'SQLSTATE[HY000] [1049] Unknown database 'yii2advanced'' in D:\xampp\htdocs\yii-application\vendor\yiisoft\yii2\db\Connection.php:534
Stack trace:
#0 D:\xampp\htdocs\yii-application\vendor\yiisoft\yii2\db\Connection.php(836): yii\db\Connection->open()
#1 D:\xampp\htdocs\yii-application\vendor\yiisoft\yii2\db\Connection.php(823): yii\db\Connection->getMasterPdo()
#2 D:\xampp\htdocs\yii-application\vendor\yiisoft\yii2\db\Command.php(216): yii\db\Connection->getSlavePdo()
#3 D:\xampp\htdocs\yii-application\vendor\yiisoft\yii2\db\Command.php(831): yii\db\Command->prepare(true)
#4 D:\xampp\htdocs\yii-application\vendor\yiisoft\yii2\db\Command.php(359): yii\db\Command->queryInternal('fetchAll', NULL)
#5 D:\xampp\htdocs\yii-application\vendor\yiisoft\yii2\db\mysql\Schema.php(198): yii\db\Command->queryAll()
#6 D:\xampp\htdocs\yii-application\vendor\yiisoft\yii2\db\mysql\Schema.php(97): yii\db\mysql\Schema->findColumns(Object(yii\db\TableSchema))
#7 D:\xampp\htdocs\yii-application\vendor\yiisoft\yii2\db\Schema.php(146): yii\db\mysql\Schema->loadTableSchema('migration')
#8 D:\xampp\htdocs\yii-application\vendor\yiisoft\yii2\console\controllers\MigrateController.php(121): yii\db\Schema->getTableSchema('{{%migration}}', true)
#9 D:\xampp\htdocs\yii-application\vendor\yiisoft\yii2\console\controllers\BaseMigrateController.php(610): yii\console\controllers\MigrateController->getMigrationHistory(NULL)
#10 D:\xampp\htdocs\yii-application\vendor\yiisoft\yii2\console\controllers\BaseMigrateController.php(102): yii\console\controllers\BaseMigrateController->getNewMigrations()
#11 [internal function]: yii\console\controllers\BaseMigrateController->actionUp(0)
#12 D:\xampp\htdocs\yii-application\vendor\yiisoft\yii2\base\InlineAction.php(55): call_user_func_array(Array, Array)
#13 D:\xampp\htdocs\yii-application\vendor\yiisoft\yii2\base\Controller.php(151): yii\base\InlineAction->runWithParams(Array)
#14 D:\xampp\htdocs\yii-application\vendor\yiisoft\yii2\console\Controller.php(91): yii\base\Controller->runAction('', Array)
#15 D:\xampp\htdocs\yii-application\vendor\yiisoft\yii2\base\Module.php(455): yii\console\Controller->runAction('', Array)
#16 D:\xampp\htdocs\yii-application\vendor\yiisoft\yii2\console\Application.php(167): yii\base\Module->runAction('migrate', Array)
#17 D:\xampp\htdocs\yii-application\vendor\yiisoft\yii2\console\Application.php(143): yii\console\Application->runAction('migrate', Array)
#18 D:\xampp\htdocs\yii-application\vendor\yiisoft\yii2\base\Application.php(375): yii\console\Application->handleRequest(Object(yii\console\Request))
#19 D:\xampp\htdocs\yii-application\yii(27): yii\base\Application->run()
#20 {main}
Additional Information:

2015-12-17 10:36:00 [-][-][-][info][application] $_SERVER = [
    'ALLUSERSPROFILE' => 'C:\\ProgramData'
    'APPDATA' => 'C:\\Users\\Jitendra\\AppData\\Roaming'
    'CommonProgramFiles' => 'C:\\Program Files (x86)\\Common Files'
    'CommonProgramFiles(x86)' => 'C:\\Program Files (x86)\\Common Files'
    'CommonProgramW6432' => 'C:\\Program Files\\Common Files'
    'COMPUTERNAME' => 'MP097W0A'
    'ComSpec' => 'C:\\Windows\\system32\\cmd.exe'
    'FP_NO_HOST_CHECK' => 'NO'
    'HOMEDRIVE' => 'C:'
    'HOMEPATH' => '\\Users\\Jitendra'
    'LOCALAPPDATA' => 'C:\\Users\\Jitendra\\AppData\\Local'
    'LOGONSERVER' => '\\\\MP097W0A'
    'NUMBER_OF_PROCESSORS' => '4'
    'OS' => 'Windows_NT'
    'Path' => 'C:\\Windows\\system32;C:\\Windows;C:\\Windows\\System32\\Wbem;C:\\Windows\\System32\\WindowsPowerShell\\v1.0\\;C:\\Program Files\\Intel\\WiFi\\bin\\;C:\\Program Files\\Common Files\\Intel\\WirelessCommon\\;C:\\Program Files\\TortoiseSVN\\bin;D:\\xampp\\php'
    'PATHEXT' => '.COM;.EXE;.BAT;.CMD;.VBS;.VBE;.JS;.JSE;.WSF;.WSH;.MSC'
    'PROCESSOR_ARCHITECTURE' => 'x86'
    'PROCESSOR_ARCHITEW6432' => 'AMD64'
    'PROCESSOR_IDENTIFIER' => 'Intel64 Family 6 Model 61 Stepping 4, GenuineIntel'
    'PROCESSOR_LEVEL' => '6'
    'PROCESSOR_REVISION' => '3d04'
    'ProgramData' => 'C:\\ProgramData'
    'ProgramFiles' => 'C:\\Program Files (x86)'
    'ProgramFiles(x86)' => 'C:\\Program Files (x86)'
    'ProgramW6432' => 'C:\\Program Files'
    'PROMPT' => '$P$G'
    'PSModulePath' => 'C:\\Windows\\system32\\WindowsPowerShell\\v1.0\\Modules\\'
    'PUBLIC' => 'C:\\Users\\Public'
    'SESSIONNAME' => 'Console'
    'SystemDrive' => 'C:'
    'SystemRoot' => 'C:\\Windows'
    'TEMP' => 'C:\\Users\\Jitendra\\AppData\\Local\\Temp'
    'TMP' => 'C:\\Users\\Jitendra\\AppData\\Local\\Temp'
    'USERDOMAIN' => 'MP097W0A'
    'USERNAME' => 'Jitendra'
    'USERPROFILE' => 'C:\\Users\\Jitendra'
    'windir' => 'C:\\Windows'
    'windows_tracing_flags' => '3'
    'windows_tracing_logfile' => 'C:\\BVTBin\\Tests\\installpackage\\csilogfile.log'
    'PHP_SELF' => 'yii'
    'SCRIPT_NAME' => 'yii'
    'SCRIPT_FILENAME' => 'yii'
    'PATH_TRANSLATED' => 'yii'
    'DOCUMENT_ROOT' => ''
    'REQUEST_TIME_FLOAT' => 1450344960.3309
    'REQUEST_TIME' => 1450344960
    'argv' => [
        0 => 'yii'
        1 => 'migrate'
    ]
    'argc' => 2
]
2015-12-17 10:37:42 [-][-][-][error][yii\db\Exception] exception 'PDOException' with message 'SQLSTATE[42S01]: Base table or view already exists: 1050 Table 'user' already exists' in D:\xampp\htdocs\yii-application\vendor\yiisoft\yii2\db\Command.php:781
Stack trace:
#0 D:\xampp\htdocs\yii-application\vendor\yiisoft\yii2\db\Command.php(781): PDOStatement->execute()
#1 D:\xampp\htdocs\yii-application\vendor\yiisoft\yii2\db\Migration.php(260): yii\db\Command->execute()
#2 D:\xampp\htdocs\yii-application\console\migrations\m130524_201442_init.php(27): yii\db\Migration->createTable('{{%user}}', Array, 'CHARACTER SET u...')
#3 D:\xampp\htdocs\yii-application\vendor\yiisoft\yii2\console\controllers\BaseMigrateController.php(492): m130524_201442_init->up()
#4 D:\xampp\htdocs\yii-application\vendor\yiisoft\yii2\console\controllers\BaseMigrateController.php(129): yii\console\controllers\BaseMigrateController->migrateUp('m130524_201442_...')
#5 [internal function]: yii\console\controllers\BaseMigrateController->actionUp(0)
#6 D:\xampp\htdocs\yii-application\vendor\yiisoft\yii2\base\InlineAction.php(55): call_user_func_array(Array, Array)
#7 D:\xampp\htdocs\yii-application\vendor\yiisoft\yii2\base\Controller.php(151): yii\base\InlineAction->runWithParams(Array)
#8 D:\xampp\htdocs\yii-application\vendor\yiisoft\yii2\console\Controller.php(91): yii\base\Controller->runAction('', Array)
#9 D:\xampp\htdocs\yii-application\vendor\yiisoft\yii2\base\Module.php(455): yii\console\Controller->runAction('', Array)
#10 D:\xampp\htdocs\yii-application\vendor\yiisoft\yii2\console\Application.php(167): yii\base\Module->runAction('migrate', Array)
#11 D:\xampp\htdocs\yii-application\vendor\yiisoft\yii2\console\Application.php(143): yii\console\Application->runAction('migrate', Array)
#12 D:\xampp\htdocs\yii-application\vendor\yiisoft\yii2\base\Application.php(375): yii\console\Application->handleRequest(Object(yii\console\Request))
#13 D:\xampp\htdocs\yii-application\yii(27): yii\base\Application->run()
#14 {main}

Next exception 'yii\db\Exception' with message 'SQLSTATE[42S01]: Base table or view already exists: 1050 Table 'user' already exists
The SQL being executed was: CREATE TABLE `user` (
	`id` int(11) NOT NULL AUTO_INCREMENT PRIMARY KEY,
	`username` varchar(255) NOT NULL UNIQUE,
	`auth_key` varchar(32) NOT NULL,
	`password_hash` varchar(255) NOT NULL,
	`password_reset_token` varchar(255) UNIQUE,
	`email` varchar(255) NOT NULL UNIQUE,
	`status` smallint(6) NOT NULL DEFAULT 10,
	`created_at` int(11) NOT NULL,
	`updated_at` int(11) NOT NULL
) CHARACTER SET utf8 COLLATE utf8_unicode_ci ENGINE=InnoDB' in D:\xampp\htdocs\yii-application\vendor\yiisoft\yii2\db\Schema.php:628
Stack trace:
#0 D:\xampp\htdocs\yii-application\vendor\yiisoft\yii2\db\Command.php(791): yii\db\Schema->convertException(Object(PDOException), 'CREATE TABLE `u...')
#1 D:\xampp\htdocs\yii-application\vendor\yiisoft\yii2\db\Migration.php(260): yii\db\Command->execute()
#2 D:\xampp\htdocs\yii-application\console\migrations\m130524_201442_init.php(27): yii\db\Migration->createTable('{{%user}}', Array, 'CHARACTER SET u...')
#3 D:\xampp\htdocs\yii-application\vendor\yiisoft\yii2\console\controllers\BaseMigrateController.php(492): m130524_201442_init->up()
#4 D:\xampp\htdocs\yii-application\vendor\yiisoft\yii2\console\controllers\BaseMigrateController.php(129): yii\console\controllers\BaseMigrateController->migrateUp('m130524_201442_...')
#5 [internal function]: yii\console\controllers\BaseMigrateController->actionUp(0)
#6 D:\xampp\htdocs\yii-application\vendor\yiisoft\yii2\base\InlineAction.php(55): call_user_func_array(Array, Array)
#7 D:\xampp\htdocs\yii-application\vendor\yiisoft\yii2\base\Controller.php(151): yii\base\InlineAction->runWithParams(Array)
#8 D:\xampp\htdocs\yii-application\vendor\yiisoft\yii2\console\Controller.php(91): yii\base\Controller->runAction('', Array)
#9 D:\xampp\htdocs\yii-application\vendor\yiisoft\yii2\base\Module.php(455): yii\console\Controller->runAction('', Array)
#10 D:\xampp\htdocs\yii-application\vendor\yiisoft\yii2\console\Application.php(167): yii\base\Module->runAction('migrate', Array)
#11 D:\xampp\htdocs\yii-application\vendor\yiisoft\yii2\console\Application.php(143): yii\console\Application->runAction('migrate', Array)
#12 D:\xampp\htdocs\yii-application\vendor\yiisoft\yii2\base\Application.php(375): yii\console\Application->handleRequest(Object(yii\console\Request))
#13 D:\xampp\htdocs\yii-application\yii(27): yii\base\Application->run()
#14 {main}
Additional Information:
Array
(
    [0] => 42S01
    [1] => 1050
    [2] => Table 'user' already exists
)

2015-12-17 10:37:38 [-][-][-][info][application] $_SERVER = [
    'ALLUSERSPROFILE' => 'C:\\ProgramData'
    'APPDATA' => 'C:\\Users\\Jitendra\\AppData\\Roaming'
    'CommonProgramFiles' => 'C:\\Program Files (x86)\\Common Files'
    'CommonProgramFiles(x86)' => 'C:\\Program Files (x86)\\Common Files'
    'CommonProgramW6432' => 'C:\\Program Files\\Common Files'
    'COMPUTERNAME' => 'MP097W0A'
    'ComSpec' => 'C:\\Windows\\system32\\cmd.exe'
    'FP_NO_HOST_CHECK' => 'NO'
    'HOMEDRIVE' => 'C:'
    'HOMEPATH' => '\\Users\\Jitendra'
    'LOCALAPPDATA' => 'C:\\Users\\Jitendra\\AppData\\Local'
    'LOGONSERVER' => '\\\\MP097W0A'
    'NUMBER_OF_PROCESSORS' => '4'
    'OS' => 'Windows_NT'
    'Path' => 'C:\\Windows\\system32;C:\\Windows;C:\\Windows\\System32\\Wbem;C:\\Windows\\System32\\WindowsPowerShell\\v1.0\\;C:\\Program Files\\Intel\\WiFi\\bin\\;C:\\Program Files\\Common Files\\Intel\\WirelessCommon\\;C:\\Program Files\\TortoiseSVN\\bin;D:\\xampp\\php'
    'PATHEXT' => '.COM;.EXE;.BAT;.CMD;.VBS;.VBE;.JS;.JSE;.WSF;.WSH;.MSC'
    'PROCESSOR_ARCHITECTURE' => 'x86'
    'PROCESSOR_ARCHITEW6432' => 'AMD64'
    'PROCESSOR_IDENTIFIER' => 'Intel64 Family 6 Model 61 Stepping 4, GenuineIntel'
    'PROCESSOR_LEVEL' => '6'
    'PROCESSOR_REVISION' => '3d04'
    'ProgramData' => 'C:\\ProgramData'
    'ProgramFiles' => 'C:\\Program Files (x86)'
    'ProgramFiles(x86)' => 'C:\\Program Files (x86)'
    'ProgramW6432' => 'C:\\Program Files'
    'PROMPT' => '$P$G'
    'PSModulePath' => 'C:\\Windows\\system32\\WindowsPowerShell\\v1.0\\Modules\\'
    'PUBLIC' => 'C:\\Users\\Public'
    'SESSIONNAME' => 'Console'
    'SystemDrive' => 'C:'
    'SystemRoot' => 'C:\\Windows'
    'TEMP' => 'C:\\Users\\Jitendra\\AppData\\Local\\Temp'
    'TMP' => 'C:\\Users\\Jitendra\\AppData\\Local\\Temp'
    'USERDOMAIN' => 'MP097W0A'
    'USERNAME' => 'Jitendra'
    'USERPROFILE' => 'C:\\Users\\Jitendra'
    'windir' => 'C:\\Windows'
    'windows_tracing_flags' => '3'
    'windows_tracing_logfile' => 'C:\\BVTBin\\Tests\\installpackage\\csilogfile.log'
    'PHP_SELF' => 'yii'
    'SCRIPT_NAME' => 'yii'
    'SCRIPT_FILENAME' => 'yii'
    'PATH_TRANSLATED' => 'yii'
    'DOCUMENT_ROOT' => ''
    'REQUEST_TIME_FLOAT' => 1450345058.2215
    'REQUEST_TIME' => 1450345058
    'argv' => [
        0 => 'yii'
        1 => 'migrate'
    ]
    'argc' => 2
]
2015-12-17 12:34:17 [-][-][-][error][yii\base\InvalidConfigException] exception 'yii\base\InvalidConfigException' with message 'You should configure "authManager" component to use database before executing this migration.' in D:\xampp\htdocs\yii-application\vendor\yiisoft\yii2\rbac\migrations\m140506_102106_rbac_init.php:28
Stack trace:
#0 D:\xampp\htdocs\yii-application\vendor\yiisoft\yii2\rbac\migrations\m140506_102106_rbac_init.php(35): m140506_102106_rbac_init->getAuthManager()
#1 D:\xampp\htdocs\yii-application\vendor\yiisoft\yii2\console\controllers\BaseMigrateController.php(492): m140506_102106_rbac_init->up()
#2 D:\xampp\htdocs\yii-application\vendor\yiisoft\yii2\console\controllers\BaseMigrateController.php(129): yii\console\controllers\BaseMigrateController->migrateUp('m140506_102106_...')
#3 [internal function]: yii\console\controllers\BaseMigrateController->actionUp(0)
#4 D:\xampp\htdocs\yii-application\vendor\yiisoft\yii2\base\InlineAction.php(55): call_user_func_array(Array, Array)
#5 D:\xampp\htdocs\yii-application\vendor\yiisoft\yii2\base\Controller.php(151): yii\base\InlineAction->runWithParams(Array)
#6 D:\xampp\htdocs\yii-application\vendor\yiisoft\yii2\console\Controller.php(91): yii\base\Controller->runAction('', Array)
#7 D:\xampp\htdocs\yii-application\vendor\yiisoft\yii2\base\Module.php(455): yii\console\Controller->runAction('', Array)
#8 D:\xampp\htdocs\yii-application\vendor\yiisoft\yii2\console\Application.php(167): yii\base\Module->runAction('migrate', Array)
#9 D:\xampp\htdocs\yii-application\vendor\yiisoft\yii2\console\Application.php(143): yii\console\Application->runAction('migrate', Array)
#10 D:\xampp\htdocs\yii-application\vendor\yiisoft\yii2\base\Application.php(375): yii\console\Application->handleRequest(Object(yii\console\Request))
#11 D:\xampp\htdocs\yii-application\yii(27): yii\base\Application->run()
#12 {main}
2015-12-17 12:34:15 [-][-][-][info][application] $_SERVER = [
    'ALLUSERSPROFILE' => 'C:\\ProgramData'
    'APPDATA' => 'C:\\Users\\Jitendra\\AppData\\Roaming'
    'CommonProgramFiles' => 'C:\\Program Files (x86)\\Common Files'
    'CommonProgramFiles(x86)' => 'C:\\Program Files (x86)\\Common Files'
    'CommonProgramW6432' => 'C:\\Program Files\\Common Files'
    'COMPUTERNAME' => 'MP097W0A'
    'ComSpec' => 'C:\\Windows\\system32\\cmd.exe'
    'FP_NO_HOST_CHECK' => 'NO'
    'HOMEDRIVE' => 'C:'
    'HOMEPATH' => '\\Users\\Jitendra'
    'LOCALAPPDATA' => 'C:\\Users\\Jitendra\\AppData\\Local'
    'LOGONSERVER' => '\\\\MP097W0A'
    'NUMBER_OF_PROCESSORS' => '4'
    'OS' => 'Windows_NT'
    'Path' => 'C:\\Windows\\system32;C:\\Windows;C:\\Windows\\System32\\Wbem;C:\\Windows\\System32\\WindowsPowerShell\\v1.0\\;C:\\Program Files\\Intel\\WiFi\\bin\\;C:\\Program Files\\Common Files\\Intel\\WirelessCommon\\;C:\\Program Files\\TortoiseSVN\\bin;D:\\xampp\\php'
    'PATHEXT' => '.COM;.EXE;.BAT;.CMD;.VBS;.VBE;.JS;.JSE;.WSF;.WSH;.MSC'
    'PHP_COMMAND' => 'php.exe'
    'PROCESSOR_ARCHITECTURE' => 'x86'
    'PROCESSOR_ARCHITEW6432' => 'AMD64'
    'PROCESSOR_IDENTIFIER' => 'Intel64 Family 6 Model 61 Stepping 4, GenuineIntel'
    'PROCESSOR_LEVEL' => '6'
    'PROCESSOR_REVISION' => '3d04'
    'ProgramData' => 'C:\\ProgramData'
    'ProgramFiles' => 'C:\\Program Files (x86)'
    'ProgramFiles(x86)' => 'C:\\Program Files (x86)'
    'ProgramW6432' => 'C:\\Program Files'
    'PROMPT' => '$P$G'
    'PSModulePath' => 'C:\\Windows\\system32\\WindowsPowerShell\\v1.0\\Modules\\'
    'PUBLIC' => 'C:\\Users\\Public'
    'SESSIONNAME' => 'Console'
    'SystemDrive' => 'C:'
    'SystemRoot' => 'C:\\Windows'
    'TEMP' => 'C:\\Users\\Jitendra\\AppData\\Local\\Temp'
    'TMP' => 'C:\\Users\\Jitendra\\AppData\\Local\\Temp'
    'USERDOMAIN' => 'MP097W0A'
    'USERNAME' => 'Jitendra'
    'USERPROFILE' => 'C:\\Users\\Jitendra'
    'windir' => 'C:\\Windows'
    'windows_tracing_flags' => '3'
    'windows_tracing_logfile' => 'C:\\BVTBin\\Tests\\installpackage\\csilogfile.log'
    'YII_PATH' => 'D:\\xampp\\htdocs\\yii-application\\'
    'PHP_SELF' => 'D:\\xampp\\htdocs\\yii-application\\yii'
    'SCRIPT_NAME' => 'D:\\xampp\\htdocs\\yii-application\\yii'
    'SCRIPT_FILENAME' => 'D:\\xampp\\htdocs\\yii-application\\yii'
    'PATH_TRANSLATED' => 'D:\\xampp\\htdocs\\yii-application\\yii'
    'DOCUMENT_ROOT' => ''
    'REQUEST_TIME_FLOAT' => 1450352055.3777
    'REQUEST_TIME' => 1450352055
    'argv' => [
        0 => 'D:\\xampp\\htdocs\\yii-application\\yii'
        1 => 'migrate'
        2 => '--migrationPath=@yii/rbac/migrations'
    ]
    'argc' => 3
]
2016-05-28 08:48:55 [-][-][-][error][yii\console\Exception] exception 'yii\console\Exception' with message 'Migration failed. Directory specified in migrationPath doesn't exist: @vendor/nemmo/yii2-attachments/src/migrations' in /var/www/html/vyom/vendor/yiisoft/yii2/console/controllers/BaseMigrateController.php:71
Stack trace:
#0 /var/www/html/vyom/vendor/yiisoft/yii2/console/controllers/MigrateController.php(93): yii\console\controllers\BaseMigrateController->beforeAction(Object(yii\base\InlineAction))
#1 /var/www/html/vyom/vendor/yiisoft/yii2/base/Controller.php(149): yii\console\controllers\MigrateController->beforeAction(Object(yii\base\InlineAction))
#2 /var/www/html/vyom/vendor/yiisoft/yii2/console/Controller.php(91): yii\base\Controller->runAction('up', Array)
#3 /var/www/html/vyom/vendor/yiisoft/yii2/base/Module.php(455): yii\console\Controller->runAction('up', Array)
#4 /var/www/html/vyom/vendor/yiisoft/yii2/console/Application.php(167): yii\base\Module->runAction('migrate/up', Array)
#5 /var/www/html/vyom/vendor/yiisoft/yii2/console/Application.php(143): yii\console\Application->runAction('migrate/up', Array)
#6 /var/www/html/vyom/vendor/yiisoft/yii2/base/Application.php(375): yii\console\Application->handleRequest(Object(yii\console\Request))
#7 /var/www/html/vyom/yii(27): yii\base\Application->run()
#8 {main}
2016-05-28 08:48:54 [-][-][-][info][application] $_SERVER = [
    'XDG_VTNR' => '7'
    'XDG_SESSION_ID' => 'c4'
    'CLUTTER_IM_MODULE' => 'xim'
    'SELINUX_INIT' => 'YES'
    'XDG_GREETER_DATA_DIR' => '/var/lib/lightdm-data/jitendra'
    'COMP_WORDBREAKS' => ' 	
\"\'><;|&(:'
    'SESSION' => 'ubuntu'
    'GPG_AGENT_INFO' => '/run/user/1001/keyring-USSuKH/gpg:0:1'
    'TERM' => 'xterm'
    'SHELL' => '/bin/bash'
    'XDG_MENU_PREFIX' => 'gnome-'
    'VTE_VERSION' => '3409'
    'WINDOWID' => '75497483'
    'UPSTART_SESSION' => 'unix:abstract=/com/ubuntu/upstart-session/1001/2782'
    'GNOME_KEYRING_CONTROL' => '/run/user/1001/keyring-USSuKH'
    'GTK_MODULES' => 'overlay-scrollbar:unity-gtk-module'
    'USER' => 'jitendra'
    'LS_COLORS' => 'rs=0:di=01;34:ln=01;36:mh=00:pi=40;33:so=01;35:do=01;35:bd=40;33;01:cd=40;33;01:or=40;31;01:su=37;41:sg=30;43:ca=30;41:tw=30;42:ow=34;42:st=37;44:ex=01;32:*.tar=01;31:*.tgz=01;31:*.arj=01;31:*.taz=01;31:*.lzh=01;31:*.lzma=01;31:*.tlz=01;31:*.txz=01;31:*.zip=01;31:*.z=01;31:*.Z=01;31:*.dz=01;31:*.gz=01;31:*.lz=01;31:*.xz=01;31:*.bz2=01;31:*.bz=01;31:*.tbz=01;31:*.tbz2=01;31:*.tz=01;31:*.deb=01;31:*.rpm=01;31:*.jar=01;31:*.war=01;31:*.ear=01;31:*.sar=01;31:*.rar=01;31:*.ace=01;31:*.zoo=01;31:*.cpio=01;31:*.7z=01;31:*.rz=01;31:*.jpg=01;35:*.jpeg=01;35:*.gif=01;35:*.bmp=01;35:*.pbm=01;35:*.pgm=01;35:*.ppm=01;35:*.tga=01;35:*.xbm=01;35:*.xpm=01;35:*.tif=01;35:*.tiff=01;35:*.png=01;35:*.svg=01;35:*.svgz=01;35:*.mng=01;35:*.pcx=01;35:*.mov=01;35:*.mpg=01;35:*.mpeg=01;35:*.m2v=01;35:*.mkv=01;35:*.webm=01;35:*.ogm=01;35:*.mp4=01;35:*.m4v=01;35:*.mp4v=01;35:*.vob=01;35:*.qt=01;35:*.nuv=01;35:*.wmv=01;35:*.asf=01;35:*.rm=01;35:*.rmvb=01;35:*.flc=01;35:*.avi=01;35:*.fli=01;35:*.flv=01;35:*.gl=01;35:*.dl=01;35:*.xcf=01;35:*.xwd=01;35:*.yuv=01;35:*.cgm=01;35:*.emf=01;35:*.axv=01;35:*.anx=01;35:*.ogv=01;35:*.ogx=01;35:*.aac=00;36:*.au=00;36:*.flac=00;36:*.mid=00;36:*.midi=00;36:*.mka=00;36:*.mp3=00;36:*.mpc=00;36:*.ogg=00;36:*.ra=00;36:*.wav=00;36:*.axa=00;36:*.oga=00;36:*.spx=00;36:*.xspf=00;36:'
    'XDG_SESSION_PATH' => '/org/freedesktop/DisplayManager/Session0'
    'XDG_SEAT_PATH' => '/org/freedesktop/DisplayManager/Seat0'
    'SSH_AUTH_SOCK' => '/run/user/1001/keyring-USSuKH/ssh'
    'SESSION_MANAGER' => 'local/MP097W0A:@/tmp/.ICE-unix/2981,unix/MP097W0A:/tmp/.ICE-unix/2981'
    'DEFAULTS_PATH' => '/usr/share/gconf/ubuntu.default.path'
    'XDG_CONFIG_DIRS' => '/etc/xdg/xdg-ubuntu:/usr/share/upstart/xdg:/etc/xdg'
    'PATH' => '/home/jitendra/.npm-global/bin:/usr/local/sbin:/usr/local/bin:/usr/sbin:/usr/bin:/sbin:/bin:/usr/games:/usr/local/games'
    'DESKTOP_SESSION' => 'ubuntu'
    'QT_IM_MODULE' => 'ibus'
    'QT_QPA_PLATFORMTHEME' => 'appmenu-qt5'
    'JOB' => 'dbus'
    'PWD' => '/var/www/html/vyom'
    'XMODIFIERS' => '@im=ibus'
    'GNOME_KEYRING_PID' => '2780'
    'LANG' => 'en_IN'
    'GDM_LANG' => 'en_US'
    'MANDATORY_PATH' => '/usr/share/gconf/ubuntu.mandatory.path'
    'IM_CONFIG_PHASE' => '1'
    'COMPIZ_CONFIG_PROFILE' => 'ubuntu'
    'GDMSESSION' => 'ubuntu'
    'SESSIONTYPE' => 'gnome-session'
    'XDG_SEAT' => 'seat0'
    'HOME' => '/home/jitendra'
    'SHLVL' => '1'
    'LANGUAGE' => 'en_IN:en'
    'GNOME_DESKTOP_SESSION_ID' => 'this-is-deprecated'
    'LOGNAME' => 'jitendra'
    'COMPIZ_BIN_PATH' => '/usr/bin/'
    'XDG_DATA_DIRS' => '/usr/share/ubuntu:/usr/share/gnome:/usr/local/share/:/usr/share/'
    'QT4_IM_MODULE' => 'xim'
    'DBUS_SESSION_BUS_ADDRESS' => 'unix:abstract=/tmp/dbus-jUPDkV9tx6'
    'LESSOPEN' => '| /usr/bin/lesspipe %s'
    'INSTANCE' => ''
    'TEXTDOMAIN' => 'im-config'
    'XDG_RUNTIME_DIR' => '/run/user/1001'
    'DISPLAY' => ':0'
    'XDG_CURRENT_DESKTOP' => 'Unity'
    'GTK_IM_MODULE' => 'ibus'
    'LESSCLOSE' => '/usr/bin/lesspipe %s %s'
    'TEXTDOMAINDIR' => '/usr/share/locale/'
    'COLORTERM' => 'gnome-terminal'
    'XAUTHORITY' => '/home/jitendra/.Xauthority'
    'OLDPWD' => '/var/www/html/vyom/vendor'
    '_' => '/usr/bin/php'
    'PHP_SELF' => 'yii'
    'SCRIPT_NAME' => 'yii'
    'SCRIPT_FILENAME' => 'yii'
    'PATH_TRANSLATED' => 'yii'
    'DOCUMENT_ROOT' => ''
    'REQUEST_TIME_FLOAT' => 1464425334.6465
    'REQUEST_TIME' => 1464425334
    'argv' => [
        0 => 'yii'
        1 => 'migrate/up'
        2 => '--migrationPath=@vendor/nemmo/yii2-attachments/src/migrations'
    ]
    'argc' => 3
]
2016-05-28 08:49:58 [-][-][-][error][yii\base\ErrorException:1] exception 'yii\base\ErrorException' with message 'Trait 'nemmo\attachments\ModuleTrait' not found' in /var/www/html/vyom/vendor/nemmo/yii2-attachments/src/migrations/m150127_040544_add_attachments.php:8
Stack trace:
#0 [internal function]: yii\base\ErrorHandler->handleFatalError()
#1 {main}
2016-05-28 08:49:54 [-][-][-][info][application] $_SERVER = [
    'XDG_VTNR' => '7'
    'XDG_SESSION_ID' => 'c4'
    'CLUTTER_IM_MODULE' => 'xim'
    'SELINUX_INIT' => 'YES'
    'XDG_GREETER_DATA_DIR' => '/var/lib/lightdm-data/jitendra'
    'COMP_WORDBREAKS' => ' 	
\"\'><;|&(:'
    'SESSION' => 'ubuntu'
    'GPG_AGENT_INFO' => '/run/user/1001/keyring-USSuKH/gpg:0:1'
    'TERM' => 'xterm'
    'SHELL' => '/bin/bash'
    'XDG_MENU_PREFIX' => 'gnome-'
    'VTE_VERSION' => '3409'
    'WINDOWID' => '75497483'
    'UPSTART_SESSION' => 'unix:abstract=/com/ubuntu/upstart-session/1001/2782'
    'GNOME_KEYRING_CONTROL' => '/run/user/1001/keyring-USSuKH'
    'GTK_MODULES' => 'overlay-scrollbar:unity-gtk-module'
    'USER' => 'jitendra'
    'LS_COLORS' => 'rs=0:di=01;34:ln=01;36:mh=00:pi=40;33:so=01;35:do=01;35:bd=40;33;01:cd=40;33;01:or=40;31;01:su=37;41:sg=30;43:ca=30;41:tw=30;42:ow=34;42:st=37;44:ex=01;32:*.tar=01;31:*.tgz=01;31:*.arj=01;31:*.taz=01;31:*.lzh=01;31:*.lzma=01;31:*.tlz=01;31:*.txz=01;31:*.zip=01;31:*.z=01;31:*.Z=01;31:*.dz=01;31:*.gz=01;31:*.lz=01;31:*.xz=01;31:*.bz2=01;31:*.bz=01;31:*.tbz=01;31:*.tbz2=01;31:*.tz=01;31:*.deb=01;31:*.rpm=01;31:*.jar=01;31:*.war=01;31:*.ear=01;31:*.sar=01;31:*.rar=01;31:*.ace=01;31:*.zoo=01;31:*.cpio=01;31:*.7z=01;31:*.rz=01;31:*.jpg=01;35:*.jpeg=01;35:*.gif=01;35:*.bmp=01;35:*.pbm=01;35:*.pgm=01;35:*.ppm=01;35:*.tga=01;35:*.xbm=01;35:*.xpm=01;35:*.tif=01;35:*.tiff=01;35:*.png=01;35:*.svg=01;35:*.svgz=01;35:*.mng=01;35:*.pcx=01;35:*.mov=01;35:*.mpg=01;35:*.mpeg=01;35:*.m2v=01;35:*.mkv=01;35:*.webm=01;35:*.ogm=01;35:*.mp4=01;35:*.m4v=01;35:*.mp4v=01;35:*.vob=01;35:*.qt=01;35:*.nuv=01;35:*.wmv=01;35:*.asf=01;35:*.rm=01;35:*.rmvb=01;35:*.flc=01;35:*.avi=01;35:*.fli=01;35:*.flv=01;35:*.gl=01;35:*.dl=01;35:*.xcf=01;35:*.xwd=01;35:*.yuv=01;35:*.cgm=01;35:*.emf=01;35:*.axv=01;35:*.anx=01;35:*.ogv=01;35:*.ogx=01;35:*.aac=00;36:*.au=00;36:*.flac=00;36:*.mid=00;36:*.midi=00;36:*.mka=00;36:*.mp3=00;36:*.mpc=00;36:*.ogg=00;36:*.ra=00;36:*.wav=00;36:*.axa=00;36:*.oga=00;36:*.spx=00;36:*.xspf=00;36:'
    'XDG_SESSION_PATH' => '/org/freedesktop/DisplayManager/Session0'
    'XDG_SEAT_PATH' => '/org/freedesktop/DisplayManager/Seat0'
    'SSH_AUTH_SOCK' => '/run/user/1001/keyring-USSuKH/ssh'
    'SESSION_MANAGER' => 'local/MP097W0A:@/tmp/.ICE-unix/2981,unix/MP097W0A:/tmp/.ICE-unix/2981'
    'DEFAULTS_PATH' => '/usr/share/gconf/ubuntu.default.path'
    'XDG_CONFIG_DIRS' => '/etc/xdg/xdg-ubuntu:/usr/share/upstart/xdg:/etc/xdg'
    'PATH' => '/home/jitendra/.npm-global/bin:/usr/local/sbin:/usr/local/bin:/usr/sbin:/usr/bin:/sbin:/bin:/usr/games:/usr/local/games'
    'DESKTOP_SESSION' => 'ubuntu'
    'QT_IM_MODULE' => 'ibus'
    'QT_QPA_PLATFORMTHEME' => 'appmenu-qt5'
    'JOB' => 'dbus'
    'PWD' => '/var/www/html/vyom'
    'XMODIFIERS' => '@im=ibus'
    'GNOME_KEYRING_PID' => '2780'
    'LANG' => 'en_IN'
    'GDM_LANG' => 'en_US'
    'MANDATORY_PATH' => '/usr/share/gconf/ubuntu.mandatory.path'
    'IM_CONFIG_PHASE' => '1'
    'COMPIZ_CONFIG_PROFILE' => 'ubuntu'
    'GDMSESSION' => 'ubuntu'
    'SESSIONTYPE' => 'gnome-session'
    'XDG_SEAT' => 'seat0'
    'HOME' => '/home/jitendra'
    'SHLVL' => '1'
    'LANGUAGE' => 'en_IN:en'
    'GNOME_DESKTOP_SESSION_ID' => 'this-is-deprecated'
    'LOGNAME' => 'jitendra'
    'COMPIZ_BIN_PATH' => '/usr/bin/'
    'XDG_DATA_DIRS' => '/usr/share/ubuntu:/usr/share/gnome:/usr/local/share/:/usr/share/'
    'QT4_IM_MODULE' => 'xim'
    'DBUS_SESSION_BUS_ADDRESS' => 'unix:abstract=/tmp/dbus-jUPDkV9tx6'
    'LESSOPEN' => '| /usr/bin/lesspipe %s'
    'INSTANCE' => ''
    'TEXTDOMAIN' => 'im-config'
    'XDG_RUNTIME_DIR' => '/run/user/1001'
    'DISPLAY' => ':0'
    'XDG_CURRENT_DESKTOP' => 'Unity'
    'GTK_IM_MODULE' => 'ibus'
    'LESSCLOSE' => '/usr/bin/lesspipe %s %s'
    'TEXTDOMAINDIR' => '/usr/share/locale/'
    'COLORTERM' => 'gnome-terminal'
    'XAUTHORITY' => '/home/jitendra/.Xauthority'
    'OLDPWD' => '/var/www/html/vyom/vendor'
    '_' => '/usr/bin/php'
    'PHP_SELF' => 'yii'
    'SCRIPT_NAME' => 'yii'
    'SCRIPT_FILENAME' => 'yii'
    'PATH_TRANSLATED' => 'yii'
    'DOCUMENT_ROOT' => ''
    'REQUEST_TIME_FLOAT' => 1464425394.7356
    'REQUEST_TIME' => 1464425394
    'argv' => [
        0 => 'yii'
        1 => 'migrate/up'
        2 => '--migrationPath=@vendor/nemmo/yii2-attachments/src/migrations'
    ]
    'argc' => 3
]
2016-05-28 08:51:08 [-][-][-][error][yii\base\ErrorException:1] exception 'yii\base\ErrorException' with message 'Trait 'nemmo\attachments\ModuleTrait' not found' in /var/www/html/vyom/vendor/nemmo/yii2-attachments/src/migrations/m150127_040544_add_attachments.php:8
Stack trace:
#0 [internal function]: yii\base\ErrorHandler->handleFatalError()
#1 {main}
2016-05-28 08:51:05 [-][-][-][info][application] $_SERVER = [
    'XDG_VTNR' => '7'
    'XDG_SESSION_ID' => 'c4'
    'CLUTTER_IM_MODULE' => 'xim'
    'SELINUX_INIT' => 'YES'
    'XDG_GREETER_DATA_DIR' => '/var/lib/lightdm-data/jitendra'
    'COMP_WORDBREAKS' => ' 	
\"\'><;|&(:'
    'SESSION' => 'ubuntu'
    'GPG_AGENT_INFO' => '/run/user/1001/keyring-USSuKH/gpg:0:1'
    'TERM' => 'xterm'
    'SHELL' => '/bin/bash'
    'XDG_MENU_PREFIX' => 'gnome-'
    'VTE_VERSION' => '3409'
    'WINDOWID' => '75497483'
    'UPSTART_SESSION' => 'unix:abstract=/com/ubuntu/upstart-session/1001/2782'
    'GNOME_KEYRING_CONTROL' => '/run/user/1001/keyring-USSuKH'
    'GTK_MODULES' => 'overlay-scrollbar:unity-gtk-module'
    'USER' => 'jitendra'
    'LS_COLORS' => 'rs=0:di=01;34:ln=01;36:mh=00:pi=40;33:so=01;35:do=01;35:bd=40;33;01:cd=40;33;01:or=40;31;01:su=37;41:sg=30;43:ca=30;41:tw=30;42:ow=34;42:st=37;44:ex=01;32:*.tar=01;31:*.tgz=01;31:*.arj=01;31:*.taz=01;31:*.lzh=01;31:*.lzma=01;31:*.tlz=01;31:*.txz=01;31:*.zip=01;31:*.z=01;31:*.Z=01;31:*.dz=01;31:*.gz=01;31:*.lz=01;31:*.xz=01;31:*.bz2=01;31:*.bz=01;31:*.tbz=01;31:*.tbz2=01;31:*.tz=01;31:*.deb=01;31:*.rpm=01;31:*.jar=01;31:*.war=01;31:*.ear=01;31:*.sar=01;31:*.rar=01;31:*.ace=01;31:*.zoo=01;31:*.cpio=01;31:*.7z=01;31:*.rz=01;31:*.jpg=01;35:*.jpeg=01;35:*.gif=01;35:*.bmp=01;35:*.pbm=01;35:*.pgm=01;35:*.ppm=01;35:*.tga=01;35:*.xbm=01;35:*.xpm=01;35:*.tif=01;35:*.tiff=01;35:*.png=01;35:*.svg=01;35:*.svgz=01;35:*.mng=01;35:*.pcx=01;35:*.mov=01;35:*.mpg=01;35:*.mpeg=01;35:*.m2v=01;35:*.mkv=01;35:*.webm=01;35:*.ogm=01;35:*.mp4=01;35:*.m4v=01;35:*.mp4v=01;35:*.vob=01;35:*.qt=01;35:*.nuv=01;35:*.wmv=01;35:*.asf=01;35:*.rm=01;35:*.rmvb=01;35:*.flc=01;35:*.avi=01;35:*.fli=01;35:*.flv=01;35:*.gl=01;35:*.dl=01;35:*.xcf=01;35:*.xwd=01;35:*.yuv=01;35:*.cgm=01;35:*.emf=01;35:*.axv=01;35:*.anx=01;35:*.ogv=01;35:*.ogx=01;35:*.aac=00;36:*.au=00;36:*.flac=00;36:*.mid=00;36:*.midi=00;36:*.mka=00;36:*.mp3=00;36:*.mpc=00;36:*.ogg=00;36:*.ra=00;36:*.wav=00;36:*.axa=00;36:*.oga=00;36:*.spx=00;36:*.xspf=00;36:'
    'XDG_SESSION_PATH' => '/org/freedesktop/DisplayManager/Session0'
    'XDG_SEAT_PATH' => '/org/freedesktop/DisplayManager/Seat0'
    'SSH_AUTH_SOCK' => '/run/user/1001/keyring-USSuKH/ssh'
    'SESSION_MANAGER' => 'local/MP097W0A:@/tmp/.ICE-unix/2981,unix/MP097W0A:/tmp/.ICE-unix/2981'
    'DEFAULTS_PATH' => '/usr/share/gconf/ubuntu.default.path'
    'XDG_CONFIG_DIRS' => '/etc/xdg/xdg-ubuntu:/usr/share/upstart/xdg:/etc/xdg'
    'PATH' => '/home/jitendra/.npm-global/bin:/usr/local/sbin:/usr/local/bin:/usr/sbin:/usr/bin:/sbin:/bin:/usr/games:/usr/local/games'
    'DESKTOP_SESSION' => 'ubuntu'
    'QT_IM_MODULE' => 'ibus'
    'QT_QPA_PLATFORMTHEME' => 'appmenu-qt5'
    'JOB' => 'dbus'
    'PWD' => '/var/www/html/vyom'
    'XMODIFIERS' => '@im=ibus'
    'GNOME_KEYRING_PID' => '2780'
    'LANG' => 'en_IN'
    'GDM_LANG' => 'en_US'
    'MANDATORY_PATH' => '/usr/share/gconf/ubuntu.mandatory.path'
    'IM_CONFIG_PHASE' => '1'
    'COMPIZ_CONFIG_PROFILE' => 'ubuntu'
    'GDMSESSION' => 'ubuntu'
    'SESSIONTYPE' => 'gnome-session'
    'XDG_SEAT' => 'seat0'
    'HOME' => '/home/jitendra'
    'SHLVL' => '1'
    'LANGUAGE' => 'en_IN:en'
    'GNOME_DESKTOP_SESSION_ID' => 'this-is-deprecated'
    'LOGNAME' => 'jitendra'
    'COMPIZ_BIN_PATH' => '/usr/bin/'
    'XDG_DATA_DIRS' => '/usr/share/ubuntu:/usr/share/gnome:/usr/local/share/:/usr/share/'
    'QT4_IM_MODULE' => 'xim'
    'DBUS_SESSION_BUS_ADDRESS' => 'unix:abstract=/tmp/dbus-jUPDkV9tx6'
    'LESSOPEN' => '| /usr/bin/lesspipe %s'
    'INSTANCE' => ''
    'TEXTDOMAIN' => 'im-config'
    'XDG_RUNTIME_DIR' => '/run/user/1001'
    'DISPLAY' => ':0'
    'XDG_CURRENT_DESKTOP' => 'Unity'
    'GTK_IM_MODULE' => 'ibus'
    'LESSCLOSE' => '/usr/bin/lesspipe %s %s'
    'TEXTDOMAINDIR' => '/usr/share/locale/'
    'COLORTERM' => 'gnome-terminal'
    'XAUTHORITY' => '/home/jitendra/.Xauthority'
    'OLDPWD' => '/var/www/html/vyom/vendor'
    '_' => '/usr/bin/php'
    'PHP_SELF' => 'yii'
    'SCRIPT_NAME' => 'yii'
    'SCRIPT_FILENAME' => 'yii'
    'PATH_TRANSLATED' => 'yii'
    'DOCUMENT_ROOT' => ''
    'REQUEST_TIME_FLOAT' => 1464425465.0336
    'REQUEST_TIME' => 1464425465
    'argv' => [
        0 => 'yii'
        1 => 'migrate/up'
        2 => '--migrationPath=@vendor/nemmo/yii2-attachments/src/migrations'
    ]
    'argc' => 3
]
2016-05-28 08:52:29 [-][-][-][error][yii\base\UnknownMethodException] exception 'yii\base\UnknownMethodException' with message 'Calling unknown method: m150127_040544_add_attachments::getModule()' in /var/www/html/vyom/vendor/yiisoft/yii2/base/Component.php:285
Stack trace:
#0 /var/www/html/vyom/vendor/nemmo/yii2-attachments/src/migrations/m150127_040544_add_attachments.php(14): yii\base\Component->__call('getModule', Array)
#1 /var/www/html/vyom/vendor/nemmo/yii2-attachments/src/migrations/m150127_040544_add_attachments.php(14): m150127_040544_add_attachments->getModule()
#2 /var/www/html/vyom/vendor/yiisoft/yii2/console/controllers/BaseMigrateController.php(492): m150127_040544_add_attachments->up()
#3 /var/www/html/vyom/vendor/yiisoft/yii2/console/controllers/BaseMigrateController.php(129): yii\console\controllers\BaseMigrateController->migrateUp('m150127_040544_...')
#4 [internal function]: yii\console\controllers\BaseMigrateController->actionUp(0)
#5 /var/www/html/vyom/vendor/yiisoft/yii2/base/InlineAction.php(55): call_user_func_array(Array, Array)
#6 /var/www/html/vyom/vendor/yiisoft/yii2/base/Controller.php(151): yii\base\InlineAction->runWithParams(Array)
#7 /var/www/html/vyom/vendor/yiisoft/yii2/console/Controller.php(91): yii\base\Controller->runAction('up', Array)
#8 /var/www/html/vyom/vendor/yiisoft/yii2/base/Module.php(455): yii\console\Controller->runAction('up', Array)
#9 /var/www/html/vyom/vendor/yiisoft/yii2/console/Application.php(167): yii\base\Module->runAction('migrate/up', Array)
#10 /var/www/html/vyom/vendor/yiisoft/yii2/console/Application.php(143): yii\console\Application->runAction('migrate/up', Array)
#11 /var/www/html/vyom/vendor/yiisoft/yii2/base/Application.php(375): yii\console\Application->handleRequest(Object(yii\console\Request))
#12 /var/www/html/vyom/yii(27): yii\base\Application->run()
#13 {main}
2016-05-28 08:52:26 [-][-][-][info][application] $_SERVER = [
    'XDG_VTNR' => '7'
    'XDG_SESSION_ID' => 'c4'
    'CLUTTER_IM_MODULE' => 'xim'
    'SELINUX_INIT' => 'YES'
    'XDG_GREETER_DATA_DIR' => '/var/lib/lightdm-data/jitendra'
    'COMP_WORDBREAKS' => ' 	
\"\'><;|&(:'
    'SESSION' => 'ubuntu'
    'GPG_AGENT_INFO' => '/run/user/1001/keyring-USSuKH/gpg:0:1'
    'TERM' => 'xterm'
    'SHELL' => '/bin/bash'
    'XDG_MENU_PREFIX' => 'gnome-'
    'VTE_VERSION' => '3409'
    'WINDOWID' => '75497483'
    'UPSTART_SESSION' => 'unix:abstract=/com/ubuntu/upstart-session/1001/2782'
    'GNOME_KEYRING_CONTROL' => '/run/user/1001/keyring-USSuKH'
    'GTK_MODULES' => 'overlay-scrollbar:unity-gtk-module'
    'USER' => 'jitendra'
    'LS_COLORS' => 'rs=0:di=01;34:ln=01;36:mh=00:pi=40;33:so=01;35:do=01;35:bd=40;33;01:cd=40;33;01:or=40;31;01:su=37;41:sg=30;43:ca=30;41:tw=30;42:ow=34;42:st=37;44:ex=01;32:*.tar=01;31:*.tgz=01;31:*.arj=01;31:*.taz=01;31:*.lzh=01;31:*.lzma=01;31:*.tlz=01;31:*.txz=01;31:*.zip=01;31:*.z=01;31:*.Z=01;31:*.dz=01;31:*.gz=01;31:*.lz=01;31:*.xz=01;31:*.bz2=01;31:*.bz=01;31:*.tbz=01;31:*.tbz2=01;31:*.tz=01;31:*.deb=01;31:*.rpm=01;31:*.jar=01;31:*.war=01;31:*.ear=01;31:*.sar=01;31:*.rar=01;31:*.ace=01;31:*.zoo=01;31:*.cpio=01;31:*.7z=01;31:*.rz=01;31:*.jpg=01;35:*.jpeg=01;35:*.gif=01;35:*.bmp=01;35:*.pbm=01;35:*.pgm=01;35:*.ppm=01;35:*.tga=01;35:*.xbm=01;35:*.xpm=01;35:*.tif=01;35:*.tiff=01;35:*.png=01;35:*.svg=01;35:*.svgz=01;35:*.mng=01;35:*.pcx=01;35:*.mov=01;35:*.mpg=01;35:*.mpeg=01;35:*.m2v=01;35:*.mkv=01;35:*.webm=01;35:*.ogm=01;35:*.mp4=01;35:*.m4v=01;35:*.mp4v=01;35:*.vob=01;35:*.qt=01;35:*.nuv=01;35:*.wmv=01;35:*.asf=01;35:*.rm=01;35:*.rmvb=01;35:*.flc=01;35:*.avi=01;35:*.fli=01;35:*.flv=01;35:*.gl=01;35:*.dl=01;35:*.xcf=01;35:*.xwd=01;35:*.yuv=01;35:*.cgm=01;35:*.emf=01;35:*.axv=01;35:*.anx=01;35:*.ogv=01;35:*.ogx=01;35:*.aac=00;36:*.au=00;36:*.flac=00;36:*.mid=00;36:*.midi=00;36:*.mka=00;36:*.mp3=00;36:*.mpc=00;36:*.ogg=00;36:*.ra=00;36:*.wav=00;36:*.axa=00;36:*.oga=00;36:*.spx=00;36:*.xspf=00;36:'
    'XDG_SESSION_PATH' => '/org/freedesktop/DisplayManager/Session0'
    'XDG_SEAT_PATH' => '/org/freedesktop/DisplayManager/Seat0'
    'SSH_AUTH_SOCK' => '/run/user/1001/keyring-USSuKH/ssh'
    'SESSION_MANAGER' => 'local/MP097W0A:@/tmp/.ICE-unix/2981,unix/MP097W0A:/tmp/.ICE-unix/2981'
    'DEFAULTS_PATH' => '/usr/share/gconf/ubuntu.default.path'
    'XDG_CONFIG_DIRS' => '/etc/xdg/xdg-ubuntu:/usr/share/upstart/xdg:/etc/xdg'
    'PATH' => '/home/jitendra/.npm-global/bin:/usr/local/sbin:/usr/local/bin:/usr/sbin:/usr/bin:/sbin:/bin:/usr/games:/usr/local/games'
    'DESKTOP_SESSION' => 'ubuntu'
    'QT_IM_MODULE' => 'ibus'
    'QT_QPA_PLATFORMTHEME' => 'appmenu-qt5'
    'JOB' => 'dbus'
    'PWD' => '/var/www/html/vyom'
    'XMODIFIERS' => '@im=ibus'
    'GNOME_KEYRING_PID' => '2780'
    'LANG' => 'en_IN'
    'GDM_LANG' => 'en_US'
    'MANDATORY_PATH' => '/usr/share/gconf/ubuntu.mandatory.path'
    'IM_CONFIG_PHASE' => '1'
    'COMPIZ_CONFIG_PROFILE' => 'ubuntu'
    'GDMSESSION' => 'ubuntu'
    'SESSIONTYPE' => 'gnome-session'
    'XDG_SEAT' => 'seat0'
    'HOME' => '/home/jitendra'
    'SHLVL' => '1'
    'LANGUAGE' => 'en_IN:en'
    'GNOME_DESKTOP_SESSION_ID' => 'this-is-deprecated'
    'LOGNAME' => 'jitendra'
    'COMPIZ_BIN_PATH' => '/usr/bin/'
    'XDG_DATA_DIRS' => '/usr/share/ubuntu:/usr/share/gnome:/usr/local/share/:/usr/share/'
    'QT4_IM_MODULE' => 'xim'
    'DBUS_SESSION_BUS_ADDRESS' => 'unix:abstract=/tmp/dbus-jUPDkV9tx6'
    'LESSOPEN' => '| /usr/bin/lesspipe %s'
    'INSTANCE' => ''
    'TEXTDOMAIN' => 'im-config'
    'XDG_RUNTIME_DIR' => '/run/user/1001'
    'DISPLAY' => ':0'
    'XDG_CURRENT_DESKTOP' => 'Unity'
    'GTK_IM_MODULE' => 'ibus'
    'LESSCLOSE' => '/usr/bin/lesspipe %s %s'
    'TEXTDOMAINDIR' => '/usr/share/locale/'
    'COLORTERM' => 'gnome-terminal'
    'XAUTHORITY' => '/home/jitendra/.Xauthority'
    'OLDPWD' => '/var/www/html/vyom/vendor'
    '_' => '/usr/bin/php'
    'PHP_SELF' => 'yii'
    'SCRIPT_NAME' => 'yii'
    'SCRIPT_FILENAME' => 'yii'
    'PATH_TRANSLATED' => 'yii'
    'DOCUMENT_ROOT' => ''
    'REQUEST_TIME_FLOAT' => 1464425546.8179
    'REQUEST_TIME' => 1464425546
    'argv' => [
        0 => 'yii'
        1 => 'migrate/up'
        2 => '--migrationPath=@vendor/nemmo/yii2-attachments/src/migrations'
    ]
    'argc' => 3
]
2016-05-28 08:53:07 [-][-][-][error][yii\base\UnknownMethodException] exception 'yii\base\UnknownMethodException' with message 'Calling unknown method: m150127_040544_add_attachments::getModule()' in /var/www/html/vyom/vendor/yiisoft/yii2/base/Component.php:285
Stack trace:
#0 /var/www/html/vyom/vendor/nemmo/yii2-attachments/src/migrations/m150127_040544_add_attachments.php(14): yii\base\Component->__call('getModule', Array)
#1 /var/www/html/vyom/vendor/nemmo/yii2-attachments/src/migrations/m150127_040544_add_attachments.php(14): m150127_040544_add_attachments->getModule()
#2 /var/www/html/vyom/vendor/yiisoft/yii2/console/controllers/BaseMigrateController.php(492): m150127_040544_add_attachments->up()
#3 /var/www/html/vyom/vendor/yiisoft/yii2/console/controllers/BaseMigrateController.php(129): yii\console\controllers\BaseMigrateController->migrateUp('m150127_040544_...')
#4 [internal function]: yii\console\controllers\BaseMigrateController->actionUp(0)
#5 /var/www/html/vyom/vendor/yiisoft/yii2/base/InlineAction.php(55): call_user_func_array(Array, Array)
#6 /var/www/html/vyom/vendor/yiisoft/yii2/base/Controller.php(151): yii\base\InlineAction->runWithParams(Array)
#7 /var/www/html/vyom/vendor/yiisoft/yii2/console/Controller.php(91): yii\base\Controller->runAction('up', Array)
#8 /var/www/html/vyom/vendor/yiisoft/yii2/base/Module.php(455): yii\console\Controller->runAction('up', Array)
#9 /var/www/html/vyom/vendor/yiisoft/yii2/console/Application.php(167): yii\base\Module->runAction('migrate/up', Array)
#10 /var/www/html/vyom/vendor/yiisoft/yii2/console/Application.php(143): yii\console\Application->runAction('migrate/up', Array)
#11 /var/www/html/vyom/vendor/yiisoft/yii2/base/Application.php(375): yii\console\Application->handleRequest(Object(yii\console\Request))
#12 /var/www/html/vyom/yii(27): yii\base\Application->run()
#13 {main}
2016-05-28 08:53:05 [-][-][-][info][application] $_SERVER = [
    'XDG_VTNR' => '7'
    'XDG_SESSION_ID' => 'c4'
    'CLUTTER_IM_MODULE' => 'xim'
    'SELINUX_INIT' => 'YES'
    'XDG_GREETER_DATA_DIR' => '/var/lib/lightdm-data/jitendra'
    'COMP_WORDBREAKS' => ' 	
\"\'><;|&(:'
    'SESSION' => 'ubuntu'
    'GPG_AGENT_INFO' => '/run/user/1001/keyring-USSuKH/gpg:0:1'
    'TERM' => 'xterm'
    'SHELL' => '/bin/bash'
    'XDG_MENU_PREFIX' => 'gnome-'
    'VTE_VERSION' => '3409'
    'WINDOWID' => '75497483'
    'UPSTART_SESSION' => 'unix:abstract=/com/ubuntu/upstart-session/1001/2782'
    'GNOME_KEYRING_CONTROL' => '/run/user/1001/keyring-USSuKH'
    'GTK_MODULES' => 'overlay-scrollbar:unity-gtk-module'
    'USER' => 'jitendra'
    'LS_COLORS' => 'rs=0:di=01;34:ln=01;36:mh=00:pi=40;33:so=01;35:do=01;35:bd=40;33;01:cd=40;33;01:or=40;31;01:su=37;41:sg=30;43:ca=30;41:tw=30;42:ow=34;42:st=37;44:ex=01;32:*.tar=01;31:*.tgz=01;31:*.arj=01;31:*.taz=01;31:*.lzh=01;31:*.lzma=01;31:*.tlz=01;31:*.txz=01;31:*.zip=01;31:*.z=01;31:*.Z=01;31:*.dz=01;31:*.gz=01;31:*.lz=01;31:*.xz=01;31:*.bz2=01;31:*.bz=01;31:*.tbz=01;31:*.tbz2=01;31:*.tz=01;31:*.deb=01;31:*.rpm=01;31:*.jar=01;31:*.war=01;31:*.ear=01;31:*.sar=01;31:*.rar=01;31:*.ace=01;31:*.zoo=01;31:*.cpio=01;31:*.7z=01;31:*.rz=01;31:*.jpg=01;35:*.jpeg=01;35:*.gif=01;35:*.bmp=01;35:*.pbm=01;35:*.pgm=01;35:*.ppm=01;35:*.tga=01;35:*.xbm=01;35:*.xpm=01;35:*.tif=01;35:*.tiff=01;35:*.png=01;35:*.svg=01;35:*.svgz=01;35:*.mng=01;35:*.pcx=01;35:*.mov=01;35:*.mpg=01;35:*.mpeg=01;35:*.m2v=01;35:*.mkv=01;35:*.webm=01;35:*.ogm=01;35:*.mp4=01;35:*.m4v=01;35:*.mp4v=01;35:*.vob=01;35:*.qt=01;35:*.nuv=01;35:*.wmv=01;35:*.asf=01;35:*.rm=01;35:*.rmvb=01;35:*.flc=01;35:*.avi=01;35:*.fli=01;35:*.flv=01;35:*.gl=01;35:*.dl=01;35:*.xcf=01;35:*.xwd=01;35:*.yuv=01;35:*.cgm=01;35:*.emf=01;35:*.axv=01;35:*.anx=01;35:*.ogv=01;35:*.ogx=01;35:*.aac=00;36:*.au=00;36:*.flac=00;36:*.mid=00;36:*.midi=00;36:*.mka=00;36:*.mp3=00;36:*.mpc=00;36:*.ogg=00;36:*.ra=00;36:*.wav=00;36:*.axa=00;36:*.oga=00;36:*.spx=00;36:*.xspf=00;36:'
    'XDG_SESSION_PATH' => '/org/freedesktop/DisplayManager/Session0'
    'XDG_SEAT_PATH' => '/org/freedesktop/DisplayManager/Seat0'
    'SSH_AUTH_SOCK' => '/run/user/1001/keyring-USSuKH/ssh'
    'SESSION_MANAGER' => 'local/MP097W0A:@/tmp/.ICE-unix/2981,unix/MP097W0A:/tmp/.ICE-unix/2981'
    'DEFAULTS_PATH' => '/usr/share/gconf/ubuntu.default.path'
    'XDG_CONFIG_DIRS' => '/etc/xdg/xdg-ubuntu:/usr/share/upstart/xdg:/etc/xdg'
    'PATH' => '/home/jitendra/.npm-global/bin:/usr/local/sbin:/usr/local/bin:/usr/sbin:/usr/bin:/sbin:/bin:/usr/games:/usr/local/games'
    'DESKTOP_SESSION' => 'ubuntu'
    'QT_IM_MODULE' => 'ibus'
    'QT_QPA_PLATFORMTHEME' => 'appmenu-qt5'
    'JOB' => 'dbus'
    'PWD' => '/var/www/html/vyom'
    'XMODIFIERS' => '@im=ibus'
    'GNOME_KEYRING_PID' => '2780'
    'LANG' => 'en_IN'
    'GDM_LANG' => 'en_US'
    'MANDATORY_PATH' => '/usr/share/gconf/ubuntu.mandatory.path'
    'IM_CONFIG_PHASE' => '1'
    'COMPIZ_CONFIG_PROFILE' => 'ubuntu'
    'GDMSESSION' => 'ubuntu'
    'SESSIONTYPE' => 'gnome-session'
    'XDG_SEAT' => 'seat0'
    'HOME' => '/home/jitendra'
    'SHLVL' => '1'
    'LANGUAGE' => 'en_IN:en'
    'GNOME_DESKTOP_SESSION_ID' => 'this-is-deprecated'
    'LOGNAME' => 'jitendra'
    'COMPIZ_BIN_PATH' => '/usr/bin/'
    'XDG_DATA_DIRS' => '/usr/share/ubuntu:/usr/share/gnome:/usr/local/share/:/usr/share/'
    'QT4_IM_MODULE' => 'xim'
    'DBUS_SESSION_BUS_ADDRESS' => 'unix:abstract=/tmp/dbus-jUPDkV9tx6'
    'LESSOPEN' => '| /usr/bin/lesspipe %s'
    'INSTANCE' => ''
    'TEXTDOMAIN' => 'im-config'
    'XDG_RUNTIME_DIR' => '/run/user/1001'
    'DISPLAY' => ':0'
    'XDG_CURRENT_DESKTOP' => 'Unity'
    'GTK_IM_MODULE' => 'ibus'
    'LESSCLOSE' => '/usr/bin/lesspipe %s %s'
    'TEXTDOMAINDIR' => '/usr/share/locale/'
    'COLORTERM' => 'gnome-terminal'
    'XAUTHORITY' => '/home/jitendra/.Xauthority'
    'OLDPWD' => '/var/www/html/vyom/vendor'
    '_' => '/usr/bin/php'
    'PHP_SELF' => 'yii'
    'SCRIPT_NAME' => 'yii'
    'SCRIPT_FILENAME' => 'yii'
    'PATH_TRANSLATED' => 'yii'
    'DOCUMENT_ROOT' => ''
    'REQUEST_TIME_FLOAT' => 1464425585.0577
    'REQUEST_TIME' => 1464425585
    'argv' => [
        0 => 'yii'
        1 => 'migrate/up'
        2 => '--migrationPath=@vendor/nemmo/yii2-attachments/src/migrations'
    ]
    'argc' => 3
]
2016-05-28 08:55:12 [-][-][-][error][yii\base\UnknownMethodException] exception 'yii\base\UnknownMethodException' with message 'Calling unknown method: m150127_040544_add_attachments::getModule()' in /var/www/html/vyom/vendor/yiisoft/yii2/base/Component.php:285
Stack trace:
#0 /var/www/html/vyom/vendor/nemmo/yii2-attachments/src/migrations/m150127_040544_add_attachments.php(14): yii\base\Component->__call('getModule', Array)
#1 /var/www/html/vyom/vendor/nemmo/yii2-attachments/src/migrations/m150127_040544_add_attachments.php(14): m150127_040544_add_attachments->getModule()
#2 /var/www/html/vyom/vendor/yiisoft/yii2/console/controllers/BaseMigrateController.php(492): m150127_040544_add_attachments->up()
#3 /var/www/html/vyom/vendor/yiisoft/yii2/console/controllers/BaseMigrateController.php(129): yii\console\controllers\BaseMigrateController->migrateUp('m150127_040544_...')
#4 [internal function]: yii\console\controllers\BaseMigrateController->actionUp(0)
#5 /var/www/html/vyom/vendor/yiisoft/yii2/base/InlineAction.php(55): call_user_func_array(Array, Array)
#6 /var/www/html/vyom/vendor/yiisoft/yii2/base/Controller.php(151): yii\base\InlineAction->runWithParams(Array)
#7 /var/www/html/vyom/vendor/yiisoft/yii2/console/Controller.php(91): yii\base\Controller->runAction('up', Array)
#8 /var/www/html/vyom/vendor/yiisoft/yii2/base/Module.php(455): yii\console\Controller->runAction('up', Array)
#9 /var/www/html/vyom/vendor/yiisoft/yii2/console/Application.php(167): yii\base\Module->runAction('migrate/up', Array)
#10 /var/www/html/vyom/vendor/yiisoft/yii2/console/Application.php(143): yii\console\Application->runAction('migrate/up', Array)
#11 /var/www/html/vyom/vendor/yiisoft/yii2/base/Application.php(375): yii\console\Application->handleRequest(Object(yii\console\Request))
#12 /var/www/html/vyom/yii(27): yii\base\Application->run()
#13 {main}
2016-05-28 08:55:10 [-][-][-][info][application] $_SERVER = [
    'XDG_VTNR' => '7'
    'XDG_SESSION_ID' => 'c4'
    'CLUTTER_IM_MODULE' => 'xim'
    'SELINUX_INIT' => 'YES'
    'XDG_GREETER_DATA_DIR' => '/var/lib/lightdm-data/jitendra'
    'COMP_WORDBREAKS' => ' 	
\"\'><;|&(:'
    'SESSION' => 'ubuntu'
    'GPG_AGENT_INFO' => '/run/user/1001/keyring-USSuKH/gpg:0:1'
    'TERM' => 'xterm'
    'SHELL' => '/bin/bash'
    'XDG_MENU_PREFIX' => 'gnome-'
    'VTE_VERSION' => '3409'
    'WINDOWID' => '75497483'
    'UPSTART_SESSION' => 'unix:abstract=/com/ubuntu/upstart-session/1001/2782'
    'GNOME_KEYRING_CONTROL' => '/run/user/1001/keyring-USSuKH'
    'GTK_MODULES' => 'overlay-scrollbar:unity-gtk-module'
    'USER' => 'jitendra'
    'LS_COLORS' => 'rs=0:di=01;34:ln=01;36:mh=00:pi=40;33:so=01;35:do=01;35:bd=40;33;01:cd=40;33;01:or=40;31;01:su=37;41:sg=30;43:ca=30;41:tw=30;42:ow=34;42:st=37;44:ex=01;32:*.tar=01;31:*.tgz=01;31:*.arj=01;31:*.taz=01;31:*.lzh=01;31:*.lzma=01;31:*.tlz=01;31:*.txz=01;31:*.zip=01;31:*.z=01;31:*.Z=01;31:*.dz=01;31:*.gz=01;31:*.lz=01;31:*.xz=01;31:*.bz2=01;31:*.bz=01;31:*.tbz=01;31:*.tbz2=01;31:*.tz=01;31:*.deb=01;31:*.rpm=01;31:*.jar=01;31:*.war=01;31:*.ear=01;31:*.sar=01;31:*.rar=01;31:*.ace=01;31:*.zoo=01;31:*.cpio=01;31:*.7z=01;31:*.rz=01;31:*.jpg=01;35:*.jpeg=01;35:*.gif=01;35:*.bmp=01;35:*.pbm=01;35:*.pgm=01;35:*.ppm=01;35:*.tga=01;35:*.xbm=01;35:*.xpm=01;35:*.tif=01;35:*.tiff=01;35:*.png=01;35:*.svg=01;35:*.svgz=01;35:*.mng=01;35:*.pcx=01;35:*.mov=01;35:*.mpg=01;35:*.mpeg=01;35:*.m2v=01;35:*.mkv=01;35:*.webm=01;35:*.ogm=01;35:*.mp4=01;35:*.m4v=01;35:*.mp4v=01;35:*.vob=01;35:*.qt=01;35:*.nuv=01;35:*.wmv=01;35:*.asf=01;35:*.rm=01;35:*.rmvb=01;35:*.flc=01;35:*.avi=01;35:*.fli=01;35:*.flv=01;35:*.gl=01;35:*.dl=01;35:*.xcf=01;35:*.xwd=01;35:*.yuv=01;35:*.cgm=01;35:*.emf=01;35:*.axv=01;35:*.anx=01;35:*.ogv=01;35:*.ogx=01;35:*.aac=00;36:*.au=00;36:*.flac=00;36:*.mid=00;36:*.midi=00;36:*.mka=00;36:*.mp3=00;36:*.mpc=00;36:*.ogg=00;36:*.ra=00;36:*.wav=00;36:*.axa=00;36:*.oga=00;36:*.spx=00;36:*.xspf=00;36:'
    'XDG_SESSION_PATH' => '/org/freedesktop/DisplayManager/Session0'
    'XDG_SEAT_PATH' => '/org/freedesktop/DisplayManager/Seat0'
    'SSH_AUTH_SOCK' => '/run/user/1001/keyring-USSuKH/ssh'
    'SESSION_MANAGER' => 'local/MP097W0A:@/tmp/.ICE-unix/2981,unix/MP097W0A:/tmp/.ICE-unix/2981'
    'DEFAULTS_PATH' => '/usr/share/gconf/ubuntu.default.path'
    'XDG_CONFIG_DIRS' => '/etc/xdg/xdg-ubuntu:/usr/share/upstart/xdg:/etc/xdg'
    'PATH' => '/home/jitendra/.npm-global/bin:/usr/local/sbin:/usr/local/bin:/usr/sbin:/usr/bin:/sbin:/bin:/usr/games:/usr/local/games'
    'DESKTOP_SESSION' => 'ubuntu'
    'QT_IM_MODULE' => 'ibus'
    'QT_QPA_PLATFORMTHEME' => 'appmenu-qt5'
    'JOB' => 'dbus'
    'PWD' => '/var/www/html/vyom'
    'XMODIFIERS' => '@im=ibus'
    'GNOME_KEYRING_PID' => '2780'
    'LANG' => 'en_IN'
    'GDM_LANG' => 'en_US'
    'MANDATORY_PATH' => '/usr/share/gconf/ubuntu.mandatory.path'
    'IM_CONFIG_PHASE' => '1'
    'COMPIZ_CONFIG_PROFILE' => 'ubuntu'
    'GDMSESSION' => 'ubuntu'
    'SESSIONTYPE' => 'gnome-session'
    'XDG_SEAT' => 'seat0'
    'HOME' => '/home/jitendra'
    'SHLVL' => '1'
    'LANGUAGE' => 'en_IN:en'
    'GNOME_DESKTOP_SESSION_ID' => 'this-is-deprecated'
    'LOGNAME' => 'jitendra'
    'COMPIZ_BIN_PATH' => '/usr/bin/'
    'XDG_DATA_DIRS' => '/usr/share/ubuntu:/usr/share/gnome:/usr/local/share/:/usr/share/'
    'QT4_IM_MODULE' => 'xim'
    'DBUS_SESSION_BUS_ADDRESS' => 'unix:abstract=/tmp/dbus-jUPDkV9tx6'
    'LESSOPEN' => '| /usr/bin/lesspipe %s'
    'INSTANCE' => ''
    'TEXTDOMAIN' => 'im-config'
    'XDG_RUNTIME_DIR' => '/run/user/1001'
    'DISPLAY' => ':0'
    'XDG_CURRENT_DESKTOP' => 'Unity'
    'GTK_IM_MODULE' => 'ibus'
    'LESSCLOSE' => '/usr/bin/lesspipe %s %s'
    'TEXTDOMAINDIR' => '/usr/share/locale/'
    'COLORTERM' => 'gnome-terminal'
    'XAUTHORITY' => '/home/jitendra/.Xauthority'
    'OLDPWD' => '/var/www/html/vyom/vendor'
    '_' => '/usr/bin/php'
    'PHP_SELF' => 'yii'
    'SCRIPT_NAME' => 'yii'
    'SCRIPT_FILENAME' => 'yii'
    'PATH_TRANSLATED' => 'yii'
    'DOCUMENT_ROOT' => ''
    'REQUEST_TIME_FLOAT' => 1464425710.5893
    'REQUEST_TIME' => 1464425710
    'argv' => [
        0 => 'yii'
        1 => 'migrate/up'
        2 => '--migrationPath=@vendor/nemmo/yii2-attachments/src/migrations'
    ]
    'argc' => 3
]
